{"level":"info","message":"FlyFF server started on port 2567","service":"flyff-server","timestamp":"2026-06-18T11:18:23.163Z"}
{"level":"info","message":"WebSocket: ws://localhost:2567","service":"flyff-server","timestamp":"2026-06-18T11:18:23.170Z"}
{"level":"info","message":"Monitor: http://localhost:2567/colyseus","service":"flyff-server","timestamp":"2026-06-18T11:18:23.170Z"}
{"level":"info","message":"FlyFF server started on port 2567","service":"flyff-server","timestamp":"2026-06-18T11:44:10.314Z"}
{"level":"info","message":"WebSocket: ws://localhost:2567","service":"flyff-server","timestamp":"2026-06-18T11:44:10.316Z"}
{"level":"info","message":"Monitor: http://localhost:2567/colyseus","service":"flyff-server","timestamp":"2026-06-18T11:44:10.316Z"}
{"level":"info","message":"FlyFF server started on port 2567","service":"flyff-server","timestamp":"2026-06-18T12:57:12.605Z"}
{"level":"info","message":"WebSocket: ws://localhost:2567","service":"flyff-server","timestamp":"2026-06-18T12:57:12.606Z"}
{"level":"info","message":"Monitor: http://localhost:2567/colyseus","service":"flyff-server","timestamp":"2026-06-18T12:57:12.607Z"}
{"level":"info","message":"FlyFF server started on port 2567","service":"flyff-server","timestamp":"2026-06-18T13:13:34.902Z"}
{"level":"info","message":"WebSocket: ws://localhost:2567","service":"flyff-server","timestamp":"2026-06-18T13:13:34.904Z"}
{"level":"info","message":"Monitor: http://localhost:2567/colyseus","service":"flyff-server","timestamp":"2026-06-18T13:13:34.904Z"}
{"level":"info","message":"FlyFF server started on port 2567","service":"flyff-server","timestamp":"2026-06-18T13:17:30.685Z"}
{"level":"info","message":"WebSocket: ws://localhost:2567","service":"flyff-server","timestamp":"2026-06-18T13:17:30.686Z"}
{"level":"info","message":"Monitor: http://localhost:2567/colyseus","service":"flyff-server","timestamp":"2026-06-18T13:17:30.686Z"}
{"level":"info","message":"FlyFF server started on port 2567","service":"flyff-server","timestamp":"2026-06-18T13:45:12.758Z"}
{"level":"info","message":"WebSocket: ws://localhost:2567","service":"flyff-server","timestamp":"2026-06-18T13:45:12.759Z"}
{"level":"info","message":"Monitor: http://localhost:2567/colyseus","service":"flyff-server","timestamp":"2026-06-18T13:45:12.759Z"}
{"level":"info","message":"FlyFF server started on port 2567","service":"flyff-server","timestamp":"2026-06-18T13:49:56.542Z"}
{"level":"info","message":"WebSocket: ws://localhost:2567","service":"flyff-server","timestamp":"2026-06-18T13:49:56.544Z"}
{"level":"info","message":"Monitor: http://localhost:2567/colyseus","service":"flyff-server","timestamp":"2026-06-18T13:49:56.544Z"}
{"level":"info","message":"FlyFF server started on port 2567","service":"flyff-server","timestamp":"2026-06-18T14:48:06.890Z"}
{"level":"info","message":"WebSocket: ws://localhost:2567","service":"flyff-server","timestamp":"2026-06-18T14:48:06.892Z"}
{"level":"info","message":"Monitor: http://localhost:2567/colyseus","service":"flyff-server","timestamp":"2026-06-18T14:48:06.892Z"}
{"level":"info","message":"FlyFF server started on port 2567","service":"flyff-server","timestamp":"2026-06-18T14:58:03.336Z"}
{"level":"info","message":"WebSocket: ws://localhost:2567","service":"flyff-server","timestamp":"2026-06-18T14:58:03.337Z"}
{"level":"info","message":"Monitor: http://localhost:2567/colyseus","service":"flyff-server","timestamp":"2026-06-18T14:58:03.337Z"}
{"level":"info","message":"FlyFF server started on port 2567","service":"flyff-server","timestamp":"2026-06-18T15:01:16.027Z"}
{"level":"info","message":"WebSocket: ws://localhost:2567","service":"flyff-server","timestamp":"2026-06-18T15:01:16.029Z"}
{"level":"info","message":"Monitor: http://localhost:2567/colyseus","service":"flyff-server","timestamp":"2026-06-18T15:01:16.029Z"}
{"level":"info","message":"FlyFF server started on port 2567","service":"flyff-server","timestamp":"2026-06-18T15:06:18.673Z"}
{"level":"info","message":"WebSocket: ws://localhost:2567","service":"flyff-server","timestamp":"2026-06-18T15:06:18.675Z"}
{"level":"info","message":"Monitor: http://localhost:2567/colyseus","service":"flyff-server","timestamp":"2026-06-18T15:06:18.675Z"}
{"level":"info","message":"FlyFF server started on port 2567","service":"flyff-server","timestamp":"2026-06-18T15:07:29.979Z"}
{"level":"info","message":"WebSocket: ws://localhost:2567","service":"flyff-server","timestamp":"2026-06-18T15:07:29.980Z"}
{"level":"info","message":"Monitor: http://localhost:2567/colyseus","service":"flyff-server","timestamp":"2026-06-18T15:07:29.981Z"}
{"level":"info","message":"FlyFF server started on port 2567","service":"flyff-server","timestamp":"2026-06-18T15:10:24.600Z"}
{"level":"info","message":"WebSocket: ws://localhost:2567","service":"flyff-server","timestamp":"2026-06-18T15:10:24.601Z"}
{"level":"info","message":"Monitor: http://localhost:2567/colyseus","service":"flyff-server","timestamp":"2026-06-18T15:10:24.601Z"}
{"level":"info","message":"FlyFF server started on port 2567","service":"flyff-server","timestamp":"2026-06-18T15:12:43.964Z"}
{"level":"info","message":"WebSocket: ws://localhost:2567","service":"flyff-server","timestamp":"2026-06-18T15:12:43.966Z"}
{"level":"info","message":"Monitor: http://localhost:2567/colyseus","service":"flyff-server","timestamp":"2026-06-18T15:12:43.966Z"}
{"level":"info","message":"FlyFF server started on port 2567","service":"flyff-server","timestamp":"2026-06-18T15:18:18.400Z"}
{"level":"info","message":"WebSocket: ws://localhost:2567","service":"flyff-server","timestamp":"2026-06-18T15:18:18.402Z"}
{"level":"info","message":"Monitor: http://localhost:2567/colyseus","service":"flyff-server","timestamp":"2026-06-18T15:18:18.402Z"}
{"level":"info","message":"FlyFF server started on port 2567","service":"flyff-server","timestamp":"2026-06-19T00:16:58.552Z"}
{"level":"info","message":"WebSocket: ws://localhost:2567","service":"flyff-server","timestamp":"2026-06-19T00:16:58.557Z"}
{"level":"info","message":"Monitor: http://localhost:2567/colyseus","service":"flyff-server","timestamp":"2026-06-19T00:16:58.558Z"}
{"level":"info","message":"FlyFF server started on port 2567","service":"flyff-server","timestamp":"2026-06-19T00:17:11.011Z"}
{"level":"info","message":"WebSocket: ws://localhost:2567","service":"flyff-server","timestamp":"2026-06-19T00:17:11.012Z"}
{"level":"info","message":"Monitor: http://localhost:2567/colyseus","service":"flyff-server","timestamp":"2026-06-19T00:17:11.013Z"}
{"level":"info","message":"FlyFF server started on port 2567","service":"flyff-server","timestamp":"2026-06-19T01:09:50.235Z"}
{"level":"info","message":"WebSocket: ws://localhost:2567","service":"flyff-server","timestamp":"2026-06-19T01:09:50.237Z"}
{"level":"info","message":"Monitor: http://localhost:2567/colyseus","service":"flyff-server","timestamp":"2026-06-19T01:09:50.237Z"}
{"level":"info","message":"FlyFF server started on port 2567","service":"flyff-server","timestamp":"2026-06-19T01:11:20.270Z"}
{"level":"info","message":"WebSocket: ws://localhost:2567","service":"flyff-server","timestamp":"2026-06-19T01:11:20.271Z"}
{"level":"info","message":"Monitor: http://localhost:2567/colyseus","service":"flyff-server","timestamp":"2026-06-19T01:11:20.272Z"}
{"level":"info","message":"FlyFF server started on port 2567","service":"flyff-server","timestamp":"2026-06-19T01:11:39.922Z"}
{"level":"info","message":"WebSocket: ws://localhost:2567","service":"flyff-server","timestamp":"2026-06-19T01:11:39.923Z"}
{"level":"info","message":"Monitor: http://localhost:2567/colyseus","service":"flyff-server","timestamp":"2026-06-19T01:11:39.924Z"}
{"level":"info","message":"FlyFF server started on port 2567","service":"flyff-server","timestamp":"2026-06-19T01:12:01.232Z"}
{"level":"info","message":"WebSocket: ws://localhost:2567","service":"flyff-server","timestamp":"2026-06-19T01:12:01.235Z"}
{"level":"info","message":"Monitor: http://localhost:2567/colyseus","service":"flyff-server","timestamp":"2026-06-19T01:12:01.235Z"}
{"level":"info","message":"FlyFF server started on port 2567","service":"flyff-server","timestamp":"2026-06-19T01:12:11.251Z"}
{"level":"info","message":"WebSocket: ws://localhost:2567","service":"flyff-server","timestamp":"2026-06-19T01:12:11.253Z"}
{"level":"info","message":"Monitor: http://localhost:2567/colyseus","service":"flyff-server","timestamp":"2026-06-19T01:12:11.253Z"}
{"level":"info","message":"FlyFF server started on port 2567","service":"flyff-server","timestamp":"2026-06-19T01:23:12.196Z"}
{"level":"info","message":"WebSocket: ws://localhost:2567","service":"flyff-server","timestamp":"2026-06-19T01:23:12.199Z"}
{"level":"info","message":"Monitor: http://localhost:2567/colyseus","service":"flyff-server","timestamp":"2026-06-19T01:23:12.199Z"}
{"level":"info","message":"FlyFF server started on port 2567","service":"flyff-server","timestamp":"2026-06-19T01:23:34.810Z"}
{"level":"info","message":"WebSocket: ws://localhost:2567","service":"flyff-server","timestamp":"2026-06-19T01:23:34.815Z"}
{"level":"info","message":"Monitor: http://localhost:2567/colyseus","service":"flyff-server","timestamp":"2026-06-19T01:23:34.815Z"}
{"level":"info","message":"FlyFF server started on port 2567","service":"flyff-server","timestamp":"2026-06-19T01:23:53.318Z"}
{"level":"info","message":"WebSocket: ws://localhost:2567","service":"flyff-server","timestamp":"2026-06-19T01:23:53.320Z"}
{"level":"info","message":"Monitor: http://localhost:2567/colyseus","service":"flyff-server","timestamp":"2026-06-19T01:23:53.320Z"}
{"level":"info","message":"FlyFF server started on port 2567","service":"flyff-server","timestamp":"2026-06-19T01:24:14.985Z"}
{"level":"info","message":"WebSocket: ws://localhost:2567","service":"flyff-server","timestamp":"2026-06-19T01:24:14.987Z"}
{"level":"info","message":"Monitor: http://localhost:2567/colyseus","service":"flyff-server","timestamp":"2026-06-19T01:24:14.987Z"}
{"level":"info","message":"FlyFF server started on port 2567","service":"flyff-server","timestamp":"2026-06-19T01:24:22.831Z"}
{"level":"info","message":"WebSocket: ws://localhost:2567","service":"flyff-server","timestamp":"2026-06-19T01:24:22.832Z"}
{"level":"info","message":"Monitor: http://localhost:2567/colyseus","service":"flyff-server","timestamp":"2026-06-19T01:24:22.833Z"}
{"level":"info","message":"FlyFF server started on port 2567","service":"flyff-server","timestamp":"2026-06-19T01:30:30.044Z"}
{"level":"info","message":"WebSocket: ws://localhost:2567","service":"flyff-server","timestamp":"2026-06-19T01:30:30.046Z"}
{"level":"info","message":"Monitor: http://localhost:2567/colyseus","service":"flyff-server","timestamp":"2026-06-19T01:30:30.046Z"}
{"level":"info","message":"FlyFF server started on port 2567","service":"flyff-server","timestamp":"2026-06-19T01:33:33.555Z"}
{"level":"info","message":"WebSocket: ws://localhost:2567","service":"flyff-server","timestamp":"2026-06-19T01:33:33.557Z"}
{"level":"info","message":"Monitor: http://localhost:2567/colyseus","service":"flyff-server","timestamp":"2026-06-19T01:33:33.557Z"}
{"level":"info","message":"SIGTERM received – shutting down gracefully...","service":"flyff-server","timestamp":"2026-06-19T01:33:47.359Z"}
{"level":"info","message":"FlyFF server started on port 2567","service":"flyff-server","timestamp":"2026-06-19T01:33:51.861Z"}
{"level":"info","message":"WebSocket: ws://localhost:2567","service":"flyff-server","timestamp":"2026-06-19T01:33:51.866Z"}
{"level":"info","message":"Monitor: http://localhost:2567/colyseus","service":"flyff-server","timestamp":"2026-06-19T01:33:51.866Z"}
{"level":"info","message":"SIGTERM received – shutting down gracefully...","service":"flyff-server","timestamp":"2026-06-19T01:34:11.679Z"}
{"level":"info","message":"FlyFF server started on port 2567","service":"flyff-server","timestamp":"2026-06-19T01:34:17.658Z"}
{"level":"info","message":"WebSocket: ws://localhost:2567","service":"flyff-server","timestamp":"2026-06-19T01:34:17.660Z"}
{"level":"info","message":"Monitor: http://localhost:2567/colyseus","service":"flyff-server","timestamp":"2026-06-19T01:34:17.660Z"}
{"level":"info","message":"SIGTERM received – shutting down gracefully...","service":"flyff-server","timestamp":"2026-06-19T01:34:37.497Z"}
{"level":"info","message":"FlyFF server started on port 2567","service":"flyff-server","timestamp":"2026-06-19T01:37:58.392Z"}
{"level":"info","message":"WebSocket: ws://localhost:2567","service":"flyff-server","timestamp":"2026-06-19T01:37:58.394Z"}
{"level":"info","message":"Monitor: http://localhost:2567/colyseus","service":"flyff-server","timestamp":"2026-06-19T01:37:58.394Z"}
{"level":"info","message":"SIGTERM received – shutting down gracefully...","service":"flyff-server","timestamp":"2026-06-19T01:38:08.212Z"}
{"level":"info","message":"FlyFF server started on port 2567","service":"flyff-server","timestamp":"2026-06-19T01:38:11.388Z"}
{"level":"info","message":"WebSocket: ws://localhost:2567","service":"flyff-server","timestamp":"2026-06-19T01:38:11.389Z"}
{"level":"info","message":"Monitor: http://localhost:2567/colyseus","service":"flyff-server","timestamp":"2026-06-19T01:38:11.390Z"}
{"level":"info","message":"SIGTERM received – shutting down gracefully...","service":"flyff-server","timestamp":"2026-06-19T01:38:16.220Z"}
{"level":"info","message":"FlyFF server started on port 2567","service":"flyff-server","timestamp":"2026-06-19T01:38:29.852Z"}
{"level":"info","message":"WebSocket: ws://localhost:2567","service":"flyff-server","timestamp":"2026-06-19T01:38:29.854Z"}
{"level":"info","message":"Monitor: http://localhost:2567/colyseus","service":"flyff-server","timestamp":"2026-06-19T01:38:29.854Z"}
{"level":"info","message":"SIGTERM received – shutting down gracefully...","service":"flyff-server","timestamp":"2026-06-19T01:38:44.674Z"}
{"level":"info","message":"FlyFF server started on port 2567","service":"flyff-server","timestamp":"2026-06-19T01:38:52.615Z"}
{"level":"info","message":"WebSocket: ws://localhost:2567","service":"flyff-server","timestamp":"2026-06-19T01:38:52.616Z"}
{"level":"info","message":"Monitor: http://localhost:2567/colyseus","service":"flyff-server","timestamp":"2026-06-19T01:38:52.616Z"}
{"level":"info","message":"SIGTERM received – shutting down gracefully...","service":"flyff-server","timestamp":"2026-06-19T01:39:02.452Z"}
{"level":"info","message":"FlyFF server started on port 2567","service":"flyff-server","timestamp":"2026-06-19T01:39:09.219Z"}
{"level":"info","message":"WebSocket: ws://localhost:2567","service":"flyff-server","timestamp":"2026-06-19T01:39:09.220Z"}
{"level":"info","message":"Monitor: http://localhost:2567/colyseus","service":"flyff-server","timestamp":"2026-06-19T01:39:09.221Z"}
{"level":"info","message":"SIGTERM received – shutting down gracefully...","service":"flyff-server","timestamp":"2026-06-19T01:41:09.357Z"}
{"level":"info","message":"FlyFF server started on port 2567","service":"flyff-server","timestamp":"2026-06-19T01:41:10.631Z"}
{"level":"info","message":"WebSocket: ws://localhost:2567","service":"flyff-server","timestamp":"2026-06-19T01:41:10.632Z"}
{"level":"info","message":"Monitor: http://localhost:2567/colyseus","service":"flyff-server","timestamp":"2026-06-19T01:41:10.632Z"}
{"level":"info","message":"SIGTERM received – shutting down gracefully...","service":"flyff-server","timestamp":"2026-06-19T01:44:49.345Z"}
{"level":"info","message":"FlyFF server started on port 2567","service":"flyff-server","timestamp":"2026-06-19T01:44:53.365Z"}
{"level":"info","message":"WebSocket: ws://localhost:2567","service":"flyff-server","timestamp":"2026-06-19T01:44:53.367Z"}
{"level":"info","message":"Monitor: http://localhost:2567/colyseus","service":"flyff-server","timestamp":"2026-06-19T01:44:53.367Z"}
{"level":"info","message":"SIGTERM received – shutting down gracefully...","service":"flyff-server","timestamp":"2026-06-19T01:45:08.017Z"}
{"level":"info","message":"FlyFF server started on port 2567","service":"flyff-server","timestamp":"2026-06-19T01:45:09.310Z"}
{"level":"info","message":"WebSocket: ws://localhost:2567","service":"flyff-server","timestamp":"2026-06-19T01:45:09.311Z"}
{"level":"info","message":"Monitor: http://localhost:2567/colyseus","service":"flyff-server","timestamp":"2026-06-19T01:45:09.311Z"}
{"level":"info","message":"SIGTERM received – shutting down gracefully...","service":"flyff-server","timestamp":"2026-06-19T01:58:57.417Z"}
{"level":"info","message":"FlyFF server started on port 2567","service":"flyff-server","timestamp":"2026-06-19T01:59:02.176Z"}
{"level":"info","message":"WebSocket: ws://localhost:2567","service":"flyff-server","timestamp":"2026-06-19T01:59:02.178Z"}
{"level":"info","message":"Monitor: http://localhost:2567/colyseus","service":"flyff-server","timestamp":"2026-06-19T01:59:02.178Z"}
{"level":"info","message":"FlyFF server started on port 2567","service":"flyff-server","timestamp":"2026-06-19T10:22:18.194Z"}
{"level":"info","message":"WebSocket: ws://localhost:2567","service":"flyff-server","timestamp":"2026-06-19T10:22:18.195Z"}
{"level":"info","message":"Monitor: http://localhost:2567/colyseus","service":"flyff-server","timestamp":"2026-06-19T10:22:18.197Z"}
{"level":"info","message":"SIGTERM received – shutting down gracefully...","service":"flyff-server","timestamp":"2026-06-21T05:42:41.065Z"}
{"level":"info","message":"FlyFF server started on port 2567","service":"flyff-server","timestamp":"2026-06-21T05:42:42.917Z"}
{"level":"info","message":"WebSocket: ws://localhost:2567","service":"flyff-server","timestamp":"2026-06-21T05:42:42.918Z"}
{"level":"info","message":"Monitor: http://localhost:2567/colyseus","service":"flyff-server","timestamp":"2026-06-21T05:42:42.918Z"}
{"level":"info","message":"SIGTERM received – shutting down gracefully...","service":"flyff-server","timestamp":"2026-06-21T05:42:48.129Z"}
{"level":"info","message":"FlyFF server started on port 2567","service":"flyff-server","timestamp":"2026-06-21T05:42:48.833Z"}
{"level":"info","message":"WebSocket: ws://localhost:2567","service":"flyff-server","timestamp":"2026-06-21T05:42:48.835Z"}
{"level":"info","message":"Monitor: http://localhost:2567/colyseus","service":"flyff-server","timestamp":"2026-06-21T05:42:48.835Z"}
{"level":"info","message":"SIGTERM received – shutting down gracefully...","service":"flyff-server","timestamp":"2026-06-21T05:42:54.971Z"}
{"level":"info","message":"FlyFF server started on port 2567","service":"flyff-server","timestamp":"2026-06-21T05:42:55.616Z"}
{"level":"info","message":"WebSocket: ws://localhost:2567","service":"flyff-server","timestamp":"2026-06-21T05:42:55.617Z"}
{"level":"info","message":"Monitor: http://localhost:2567/colyseus","service":"flyff-server","timestamp":"2026-06-21T05:42:55.618Z"}
{"level":"info","message":"SIGTERM received – shutting down gracefully...","service":"flyff-server","timestamp":"2026-06-21T05:43:06.051Z"}
{"level":"info","message":"FlyFF server started on port 2567","service":"flyff-server","timestamp":"2026-06-21T05:43:06.773Z"}
{"level":"info","message":"WebSocket: ws://localhost:2567","service":"flyff-server","timestamp":"2026-06-21T05:43:06.775Z"}
{"level":"info","message":"Monitor: http://localhost:2567/colyseus","service":"flyff-server","timestamp":"2026-06-21T05:43:06.775Z"}
{"level":"info","message":"SIGTERM received – shutting down gracefully...","service":"flyff-server","timestamp":"2026-06-21T05:43:09.271Z"}
{"level":"info","message":"FlyFF server started on port 2567","service":"flyff-server","timestamp":"2026-06-21T05:43:09.929Z"}
{"level":"info","message":"WebSocket: ws://localhost:2567","service":"flyff-server","timestamp":"2026-06-21T05:43:09.931Z"}
{"level":"info","message":"Monitor: http://localhost:2567/colyseus","service":"flyff-server","timestamp":"2026-06-21T05:43:09.931Z"}
{"level":"info","message":"SIGTERM received – shutting down gracefully...","service":"flyff-server","timestamp":"2026-06-21T05:43:16.704Z"}
{"level":"info","message":"FlyFF server started on port 2567","service":"flyff-server","timestamp":"2026-06-21T05:43:17.413Z"}
{"level":"info","message":"WebSocket: ws://localhost:2567","service":"flyff-server","timestamp":"2026-06-21T05:43:17.415Z"}
{"level":"info","message":"Monitor: http://localhost:2567/colyseus","service":"flyff-server","timestamp":"2026-06-21T05:43:17.415Z"}
{"level":"info","message":"SIGTERM received – shutting down gracefully...","service":"flyff-server","timestamp":"2026-06-21T06:01:42.478Z"}
{"level":"info","message":"FlyFF server started on port 2567","service":"flyff-server","timestamp":"2026-06-21T06:01:43.159Z"}
{"level":"info","message":"WebSocket: ws://localhost:2567","service":"flyff-server","timestamp":"2026-06-21T06:01:43.161Z"}
{"level":"info","message":"Monitor: http://localhost:2567/colyseus","service":"flyff-server","timestamp":"2026-06-21T06:01:43.161Z"}
{"level":"info","message":"SIGTERM received – shutting down gracefully...","service":"flyff-server","timestamp":"2026-06-21T06:01:49.001Z"}
{"level":"info","message":"FlyFF server started on port 2567","service":"flyff-server","timestamp":"2026-06-21T06:01:49.618Z"}
{"level":"info","message":"WebSocket: ws://localhost:2567","service":"flyff-server","timestamp":"2026-06-21T06:01:49.619Z"}
{"level":"info","message":"Monitor: http://localhost:2567/colyseus","service":"flyff-server","timestamp":"2026-06-21T06:01:49.620Z"}
{"level":"info","message":"SIGTERM received – shutting down gracefully...","service":"flyff-server","timestamp":"2026-06-21T06:01:56.220Z"}
{"level":"info","message":"FlyFF server started on port 2567","service":"flyff-server","timestamp":"2026-06-21T06:01:56.891Z"}
{"level":"info","message":"WebSocket: ws://localhost:2567","service":"flyff-server","timestamp":"2026-06-21T06:01:56.892Z"}
{"level":"info","message":"Monitor: http://localhost:2567/colyseus","service":"flyff-server","timestamp":"2026-06-21T06:01:56.892Z"}
{"level":"info","message":"SIGTERM received – shutting down gracefully...","service":"flyff-server","timestamp":"2026-06-21T06:02:01.145Z"}
{"level":"info","message":"FlyFF server started on port 2567","service":"flyff-server","timestamp":"2026-06-21T06:02:01.865Z"}
{"level":"info","message":"WebSocket: ws://localhost:2567","service":"flyff-server","timestamp":"2026-06-21T06:02:01.866Z"}
{"level":"info","message":"Monitor: http://localhost:2567/colyseus","service":"flyff-server","timestamp":"2026-06-21T06:02:01.866Z"}
{"level":"info","message":"SIGTERM received – shutting down gracefully...","service":"flyff-server","timestamp":"2026-06-21T06:42:16.940Z"}
{"level":"info","message":"FlyFF server started on port 2567","service":"flyff-server","timestamp":"2026-06-21T06:42:17.602Z"}
{"level":"info","message":"WebSocket: ws://localhost:2567","service":"flyff-server","timestamp":"2026-06-21T06:42:17.604Z"}
{"level":"info","message":"Monitor: http://localhost:2567/colyseus","service":"flyff-server","timestamp":"2026-06-21T06:42:17.604Z"}
{"level":"info","message":"SIGTERM received – shutting down gracefully...","service":"flyff-server","timestamp":"2026-06-21T06:42:52.044Z"}
{"level":"info","message":"FlyFF server started on port 2567","service":"flyff-server","timestamp":"2026-06-21T06:43:07.149Z"}
{"level":"info","message":"WebSocket: ws://localhost:2567","service":"flyff-server","timestamp":"2026-06-21T06:43:07.151Z"}
{"level":"info","message":"Monitor: http://localhost:2567/colyseus","service":"flyff-server","timestamp":"2026-06-21T06:43:07.151Z"}
{"level":"error","message":"Server error: listen EADDRINUSE: address already in use :::2567","service":"flyff-server","stack":"Error: listen EADDRINUSE: address already in use :::2567\n    at Server.setupListenHandle [as _listen2] (node:net:1897:16)\n    at listenInCluster (node:net:1945:12)\n    at Server.listen (node:net:2037:7)\n    at <anonymous> (/project/workspace/MMORPG/Build/server/src/index.ts:85:8)\n    at ModuleJob.run (node:internal/modules/esm/module_job:222:25)\n    at async ModuleLoader.import (node:internal/modules/esm/loader:323:24)\n    at async loadESM (node:internal/process/esm_loader:28:7)\n    at async handleMainPromise (node:internal/modules/run_main:113:12)","timestamp":"2026-06-21T07:04:09.978Z"}
{"level":"error","message":"Server error: listen EADDRINUSE: address already in use :::2567","service":"flyff-server","stack":"Error: listen EADDRINUSE: address already in use :::2567\n    at Server.setupListenHandle [as _listen2] (node:net:1897:16)\n    at listenInCluster (node:net:1945:12)\n    at Server.listen (node:net:2037:7)\n    at <anonymous> (/project/workspace/MMORPG/Build/server/src/index.ts:85:8)\n    at ModuleJob.run (node:internal/modules/esm/module_job:222:25)\n    at async ModuleLoader.import (node:internal/modules/esm/loader:323:24)\n    at async loadESM (node:internal/process/esm_loader:28:7)\n    at async handleMainPromise (node:internal/modules/run_main:113:12)","timestamp":"2026-06-21T07:04:16.619Z"}
{"level":"error","message":"Server error: listen EADDRINUSE: address already in use :::2567","service":"flyff-server","stack":"Error: listen EADDRINUSE: address already in use :::2567\n    at Server.setupListenHandle [as _listen2] (node:net:1897:16)\n    at listenInCluster (node:net:1945:12)\n    at Server.listen (node:net:2037:7)\n    at <anonymous> (/project/workspace/MMORPG/Build/server/src/index.ts:85:8)\n    at ModuleJob.run (node:internal/modules/esm/module_job:222:25)\n    at async ModuleLoader.import (node:internal/modules/esm/loader:323:24)\n    at async loadESM (node:internal/process/esm_loader:28:7)\n    at async handleMainPromise (node:internal/modules/run_main:113:12)","timestamp":"2026-06-21T07:04:21.279Z"}
{"level":"error","message":"Server error: listen EADDRINUSE: address already in use :::2567","service":"flyff-server","stack":"Error: listen EADDRINUSE: address already in use :::2567\n    at Server.setupListenHandle [as _listen2] (node:net:1897:16)\n    at listenInCluster (node:net:1945:12)\n    at Server.listen (node:net:2037:7)\n    at <anonymous> (/project/workspace/MMORPG/Build/server/src/index.ts:85:8)\n    at ModuleJob.run (node:internal/modules/esm/module_job:222:25)\n    at async ModuleLoader.import (node:internal/modules/esm/loader:323:24)\n    at async loadESM (node:internal/process/esm_loader:28:7)\n    at async handleMainPromise (node:internal/modules/run_main:113:12)","timestamp":"2026-06-21T07:05:09.419Z"}
{"level":"error","message":"Server error: listen EADDRINUSE: address already in use :::2567","service":"flyff-server","stack":"Error: listen EADDRINUSE: address already in use :::2567\n    at Server.setupListenHandle [as _listen2] (node:net:1897:16)\n    at listenInCluster (node:net:1945:12)\n    at Server.listen (node:net:2037:7)\n    at <anonymous> (/project/workspace/MMORPG/Build/server/src/index.ts:85:8)\n    at ModuleJob.run (node:internal/modules/esm/module_job:222:25)\n    at async ModuleLoader.import (node:internal/modules/esm/loader:323:24)\n    at async loadESM (node:internal/process/esm_loader:28:7)\n    at async handleMainPromise (node:internal/modules/run_main:113:12)","timestamp":"2026-06-21T07:05:13.749Z"}
{"level":"info","message":"SIGTERM received – shutting down gracefully...","service":"flyff-server","timestamp":"2026-06-21T07:05:24.790Z"}
{"level":"info","message":"FlyFF server started on port 2567","service":"flyff-server","timestamp":"2026-06-21T07:05:30.230Z"}
{"level":"info","message":"WebSocket: ws://localhost:2567","service":"flyff-server","timestamp":"2026-06-21T07:05:30.232Z"}
{"level":"info","message":"Monitor: http://localhost:2567/colyseus","service":"flyff-server","timestamp":"2026-06-21T07:05:30.232Z"}
{"level":"error","message":"Server error: listen EADDRINUSE: address already in use :::2567","service":"flyff-server","stack":"Error: listen EADDRINUSE: address already in use :::2567\n    at Server.setupListenHandle [as _listen2] (node:net:1897:16)\n    at listenInCluster (node:net:1945:12)\n    at Server.listen (node:net:2037:7)\n    at <anonymous> (/project/workspace/MMORPG/Build/server/src/index.ts:85:8)\n    at ModuleJob.run (node:internal/modules/esm/module_job:222:25)\n    at async ModuleLoader.import (node:internal/modules/esm/loader:323:24)\n    at async loadESM (node:internal/process/esm_loader:28:7)\n    at async handleMainPromise (node:internal/modules/run_main:113:12)","timestamp":"2026-06-21T07:23:44.305Z"}
{"level":"error","message":"Server error: listen EADDRINUSE: address already in use :::2567","service":"flyff-server","stack":"Error: listen EADDRINUSE: address already in use :::2567\n    at Server.setupListenHandle [as _listen2] (node:net:1897:16)\n    at listenInCluster (node:net:1945:12)\n    at Server.listen (node:net:2037:7)\n    at <anonymous> (/project/workspace/MMORPG/Build/server/src/index.ts:85:8)\n    at ModuleJob.run (node:internal/modules/esm/module_job:222:25)\n    at async ModuleLoader.import (node:internal/modules/esm/loader:323:24)\n    at async loadESM (node:internal/process/esm_loader:28:7)\n    at async handleMainPromise (node:internal/modules/run_main:113:12)","timestamp":"2026-06-21T07:24:17.889Z"}
{"level":"info","message":"SIGTERM received – shutting down gracefully...","service":"flyff-server","timestamp":"2026-06-21T07:24:32.956Z"}
{"level":"info","message":"FlyFF server started on port 2567","service":"flyff-server","timestamp":"2026-06-21T07:24:37.648Z"}
{"level":"info","message":"WebSocket: ws://localhost:2567","service":"flyff-server","timestamp":"2026-06-21T07:24:37.649Z"}
{"level":"info","message":"Monitor: http://localhost:2567/colyseus","service":"flyff-server","timestamp":"2026-06-21T07:24:37.650Z"}
{"level":"error","message":"Server error: listen EADDRINUSE: address already in use :::2567","service":"flyff-server","stack":"Error: listen EADDRINUSE: address already in use :::2567\n    at Server.setupListenHandle [as _listen2] (node:net:1897:16)\n    at listenInCluster (node:net:1945:12)\n    at Server.listen (node:net:2037:7)\n    at <anonymous> (/project/workspace/MMORPG/Build/server/src/index.ts:85:8)\n    at ModuleJob.run (node:internal/modules/esm/module_job:222:25)\n    at async ModuleLoader.import (node:internal/modules/esm/loader:323:24)\n    at async loadESM (node:internal/process/esm_loader:28:7)\n    at async handleMainPromise (node:internal/modules/run_main:113:12)","timestamp":"2026-06-21T07:29:55.700Z"}
{"level":"error","message":"Server error: listen EADDRINUSE: address already in use :::2567","service":"flyff-server","stack":"Error: listen EADDRINUSE: address already in use :::2567\n    at Server.setupListenHandle [as _listen2] (node:net:1897:16)\n    at listenInCluster (node:net:1945:12)\n    at Server.listen (node:net:2037:7)\n    at <anonymous> (/project/workspace/MMORPG/Build/server/src/index.ts:85:8)\n    at ModuleJob.run (node:internal/modules/esm/module_job:222:25)\n    at async ModuleLoader.import (node:internal/modules/esm/loader:323:24)\n    at async loadESM (node:internal/process/esm_loader:28:7)\n    at async handleMainPromise (node:internal/modules/run_main:113:12)","timestamp":"2026-06-21T07:30:01.522Z"}
{"level":"error","message":"Server error: listen EADDRINUSE: address already in use :::2567","service":"flyff-server","stack":"Error: listen EADDRINUSE: address already in use :::2567\n    at Server.setupListenHandle [as _listen2] (node:net:1897:16)\n    at listenInCluster (node:net:1945:12)\n    at Server.listen (node:net:2037:7)\n    at <anonymous> (/project/workspace/MMORPG/Build/server/src/index.ts:85:8)\n    at ModuleJob.run (node:internal/modules/esm/module_job:222:25)\n    at async ModuleLoader.import (node:internal/modules/esm/loader:323:24)\n    at async loadESM (node:internal/process/esm_loader:28:7)\n    at async handleMainPromise (node:internal/modules/run_main:113:12)","timestamp":"2026-06-21T07:30:08.525Z"}
{"level":"error","message":"Server error: listen EADDRINUSE: address already in use :::2567","service":"flyff-server","stack":"Error: listen EADDRINUSE: address already in use :::2567\n    at Server.setupListenHandle [as _listen2] (node:net:1897:16)\n    at listenInCluster (node:net:1945:12)\n    at Server.listen (node:net:2037:7)\n    at <anonymous> (/project/workspace/MMORPG/Build/server/src/index.ts:85:8)\n    at ModuleJob.run (node:internal/modules/esm/module_job:222:25)\n    at async ModuleLoader.import (node:internal/modules/esm/loader:323:24)\n    at async loadESM (node:internal/process/esm_loader:28:7)\n    at async handleMainPromise (node:internal/modules/run_main:113:12)","timestamp":"2026-06-21T07:30:14.888Z"}
{"level":"error","message":"Server error: listen EADDRINUSE: address already in use :::2567","service":"flyff-server","stack":"Error: listen EADDRINUSE: address already in use :::2567\n    at Server.setupListenHandle [as _listen2] (node:net:1897:16)\n    at listenInCluster (node:net:1945:12)\n    at Server.listen (node:net:2037:7)\n    at <anonymous> (/project/workspace/MMORPG/Build/server/src/index.ts:85:8)\n    at ModuleJob.run (node:internal/modules/esm/module_job:222:25)\n    at async ModuleLoader.import (node:internal/modules/esm/loader:323:24)\n    at async loadESM (node:internal/process/esm_loader:28:7)\n    at async handleMainPromise (node:internal/modules/run_main:113:12)","timestamp":"2026-06-21T07:30:18.005Z"}
{"level":"error","message":"Server error: listen EADDRINUSE: address already in use :::2567","service":"flyff-server","stack":"Error: listen EADDRINUSE: address already in use :::2567\n    at Server.setupListenHandle [as _listen2] (node:net:1897:16)\n    at listenInCluster (node:net:1945:12)\n    at Server.listen (node:net:2037:7)\n    at <anonymous> (/project/workspace/MMORPG/Build/server/src/index.ts:85:8)\n    at ModuleJob.run (node:internal/modules/esm/module_job:222:25)\n    at async ModuleLoader.import (node:internal/modules/esm/loader:323:24)\n    at async loadESM (node:internal/process/esm_loader:28:7)\n    at async handleMainPromise (node:internal/modules/run_main:113:12)","timestamp":"2026-06-21T07:30:35.319Z"}
{"level":"error","message":"Server error: listen EADDRINUSE: address already in use :::2567","service":"flyff-server","stack":"Error: listen EADDRINUSE: address already in use :::2567\n    at Server.setupListenHandle [as _listen2] (node:net:1897:16)\n    at listenInCluster (node:net:1945:12)\n    at Server.listen (node:net:2037:7)\n    at <anonymous> (/project/workspace/MMORPG/Build/server/src/index.ts:85:8)\n    at ModuleJob.run (node:internal/modules/esm/module_job:222:25)\n    at async ModuleLoader.import (node:internal/modules/esm/loader:323:24)\n    at async loadESM (node:internal/process/esm_loader:28:7)\n    at async handleMainPromise (node:internal/modules/run_main:113:12)","timestamp":"2026-06-21T07:30:47.180Z"}
{"level":"error","message":"Server error: listen EADDRINUSE: address already in use :::2567","service":"flyff-server","stack":"Error: listen EADDRINUSE: address already in use :::2567\n    at Server.setupListenHandle [as _listen2] (node:net:1897:16)\n    at listenInCluster (node:net:1945:12)\n    at Server.listen (node:net:2037:7)\n    at <anonymous> (/project/workspace/MMORPG/Build/server/src/index.ts:85:8)\n    at ModuleJob.run (node:internal/modules/esm/module_job:222:25)\n    at async ModuleLoader.import (node:internal/modules/esm/loader:323:24)\n    at async loadESM (node:internal/process/esm_loader:28:7)\n    at async handleMainPromise (node:internal/modules/run_main:113:12)","timestamp":"2026-06-21T07:30:58.237Z"}
{"level":"error","message":"Server error: listen EADDRINUSE: address already in use :::2567","service":"flyff-server","stack":"Error: listen EADDRINUSE: address already in use :::2567\n    at Server.setupListenHandle [as _listen2] (node:net:1897:16)\n    at listenInCluster (node:net:1945:12)\n    at Server.listen (node:net:2037:7)\n    at <anonymous> (/project/workspace/MMORPG/Build/server/src/index.ts:85:8)\n    at ModuleJob.run (node:internal/modules/esm/module_job:222:25)\n    at async ModuleLoader.import (node:internal/modules/esm/loader:323:24)\n    at async loadESM (node:internal/process/esm_loader:28:7)\n    at async handleMainPromise (node:internal/modules/run_main:113:12)","timestamp":"2026-06-21T07:33:09.173Z"}
{"level":"error","message":"Server error: listen EADDRINUSE: address already in use :::2567","service":"flyff-server","stack":"Error: listen EADDRINUSE: address already in use :::2567\n    at Server.setupListenHandle [as _listen2] (node:net:1897:16)\n    at listenInCluster (node:net:1945:12)\n    at Server.listen (node:net:2037:7)\n    at <anonymous> (/project/workspace/MMORPG/Build/server/src/index.ts:85:8)\n    at ModuleJob.run (node:internal/modules/esm/module_job:222:25)\n    at async ModuleLoader.import (node:internal/modules/esm/loader:323:24)\n    at async loadESM (node:internal/process/esm_loader:28:7)\n    at async handleMainPromise (node:internal/modules/run_main:113:12)","timestamp":"2026-06-21T07:33:13.018Z"}
{"level":"info","message":"SIGTERM received – shutting down gracefully...","service":"flyff-server","timestamp":"2026-06-21T07:33:23.295Z"}
{"level":"info","message":"FlyFF server started on port 2567","service":"flyff-server","timestamp":"2026-06-21T07:33:28.137Z"}
{"level":"info","message":"WebSocket: ws://localhost:2567","service":"flyff-server","timestamp":"2026-06-21T07:33:28.142Z"}
{"level":"info","message":"Monitor: http://localhost:2567/colyseus","service":"flyff-server","timestamp":"2026-06-21T07:33:28.142Z"}
{"level":"error","message":"Server error: listen EADDRINUSE: address already in use :::2567","service":"flyff-server","stack":"Error: listen EADDRINUSE: address already in use :::2567\n    at Server.setupListenHandle [as _listen2] (node:net:1897:16)\n    at listenInCluster (node:net:1945:12)\n    at Server.listen (node:net:2037:7)\n    at <anonymous> (/project/workspace/MMORPG/Build/server/src/index.ts:85:8)\n    at ModuleJob.run (node:internal/modules/esm/module_job:222:25)\n    at async ModuleLoader.import (node:internal/modules/esm/loader:323:24)\n    at async loadESM (node:internal/process/esm_loader:28:7)\n    at async handleMainPromise (node:internal/modules/run_main:113:12)","timestamp":"2026-06-21T07:40:08.018Z"}
{"level":"info","message":"SIGTERM received – shutting down gracefully...","service":"flyff-server","timestamp":"2026-06-21T07:41:14.811Z"}
{"level":"info","message":"FlyFF server started on port 2567","service":"flyff-server","timestamp":"2026-06-21T07:41:19.687Z"}
{"level":"info","message":"WebSocket: ws://localhost:2567","service":"flyff-server","timestamp":"2026-06-21T07:41:19.689Z"}
{"level":"info","message":"Monitor: http://localhost:2567/colyseus","service":"flyff-server","timestamp":"2026-06-21T07:41:19.689Z"}
{"level":"info","message":"SIGTERM received – shutting down gracefully...","service":"flyff-server","timestamp":"2026-06-21T07:44:56.201Z"}
{"level":"info","message":"FlyFF server started on port 2567","service":"flyff-server","timestamp":"2026-06-21T07:44:58.051Z"}
{"level":"info","message":"WebSocket: ws://localhost:2567","service":"flyff-server","timestamp":"2026-06-21T07:44:58.053Z"}
{"level":"info","message":"Monitor: http://localhost:2567/colyseus","service":"flyff-server","timestamp":"2026-06-21T07:44:58.053Z"}
{"level":"error","message":"Server error: listen EADDRINUSE: address already in use :::2567","service":"flyff-server","stack":"Error: listen EADDRINUSE: address already in use :::2567\n    at Server.setupListenHandle [as _listen2] (node:net:1897:16)\n    at listenInCluster (node:net:1945:12)\n    at Server.listen (node:net:2037:7)\n    at <anonymous> (/project/workspace/MMORPG/Build/server/src/index.ts:85:8)\n    at ModuleJob.run (node:internal/modules/esm/module_job:222:25)\n    at async ModuleLoader.import (node:internal/modules/esm/loader:323:24)\n    at async loadESM (node:internal/process/esm_loader:28:7)\n    at async handleMainPromise (node:internal/modules/run_main:113:12)","timestamp":"2026-06-21T07:57:02.751Z"}
{"level":"error","message":"Server error: listen EADDRINUSE: address already in use :::2567","service":"flyff-server","stack":"Error: listen EADDRINUSE: address already in use :::2567\n    at Server.setupListenHandle [as _listen2] (node:net:1897:16)\n    at listenInCluster (node:net:1945:12)\n    at Server.listen (node:net:2037:7)\n    at <anonymous> (/project/workspace/MMORPG/Build/server/src/index.ts:85:8)\n    at ModuleJob.run (node:internal/modules/esm/module_job:222:25)\n    at async ModuleLoader.import (node:internal/modules/esm/loader:323:24)\n    at async loadESM (node:internal/process/esm_loader:28:7)\n    at async handleMainPromise (node:internal/modules/run_main:113:12)","timestamp":"2026-06-21T07:57:07.454Z"}
{"level":"info","message":"SIGTERM received – shutting down gracefully...","service":"flyff-server","timestamp":"2026-06-21T07:58:13.484Z"}
{"level":"info","message":"FlyFF server started on port 2567","service":"flyff-server","timestamp":"2026-06-21T07:58:15.333Z"}
{"level":"info","message":"WebSocket: ws://localhost:2567","service":"flyff-server","timestamp":"2026-06-21T07:58:15.335Z"}
{"level":"info","message":"Monitor: http://localhost:2567/colyseus","service":"flyff-server","timestamp":"2026-06-21T07:58:15.335Z"}
{"level":"info","message":"FlyFF server started on port 2567","service":"flyff-server","timestamp":"2026-06-21T08:00:01.609Z"}
{"level":"info","message":"WebSocket: ws://localhost:2567","service":"flyff-server","timestamp":"2026-06-21T08:00:01.610Z"}
{"level":"info","message":"Monitor: http://localhost:2567/colyseus","service":"flyff-server","timestamp":"2026-06-21T08:00:01.611Z"}
{"level":"error","message":"Server error: listen EADDRINUSE: address already in use :::2567","service":"flyff-server","stack":"Error: listen EADDRINUSE: address already in use :::2567\n    at Server.setupListenHandle [as _listen2] (node:net:1897:16)\n    at listenInCluster (node:net:1945:12)\n    at Server.listen (node:net:2037:7)\n    at <anonymous> (/project/workspace/MMORPG/Build/server/src/index.ts:85:8)\n    at ModuleJob.run (node:internal/modules/esm/module_job:222:25)\n    at async ModuleLoader.import (node:internal/modules/esm/loader:323:24)\n    at async loadESM (node:internal/process/esm_loader:28:7)\n    at async handleMainPromise (node:internal/modules/run_main:113:12)","timestamp":"2026-06-21T08:06:11.417Z"}
{"level":"error","message":"Server error: listen EADDRINUSE: address already in use :::2567","service":"flyff-server","stack":"Error: listen EADDRINUSE: address already in use :::2567\n    at Server.setupListenHandle [as _listen2] (node:net:1897:16)\n    at listenInCluster (node:net:1945:12)\n    at Server.listen (node:net:2037:7)\n    at <anonymous> (/project/workspace/MMORPG/Build/server/src/index.ts:85:8)\n    at ModuleJob.run (node:internal/modules/esm/module_job:222:25)\n    at async ModuleLoader.import (node:internal/modules/esm/loader:323:24)\n    at async loadESM (node:internal/process/esm_loader:28:7)\n    at async handleMainPromise (node:internal/modules/run_main:113:12)","timestamp":"2026-06-21T08:06:15.562Z"}
{"level":"error","message":"Server error: listen EADDRINUSE: address already in use :::2567","service":"flyff-server","stack":"Error: listen EADDRINUSE: address already in use :::2567\n    at Server.setupListenHandle [as _listen2] (node:net:1897:16)\n    at listenInCluster (node:net:1945:12)\n    at Server.listen (node:net:2037:7)\n    at <anonymous> (/project/workspace/MMORPG/Build/server/src/index.ts:85:8)\n    at ModuleJob.run (node:internal/modules/esm/module_job:222:25)\n    at async ModuleLoader.import (node:internal/modules/esm/loader:323:24)\n    at async loadESM (node:internal/process/esm_loader:28:7)\n    at async handleMainPromise (node:internal/modules/run_main:113:12)","timestamp":"2026-06-21T08:06:23.247Z"}
{"level":"info","message":"FlyFF server started on port 2567","service":"flyff-server","timestamp":"2026-06-21T08:06:52.164Z"}
{"level":"info","message":"WebSocket: ws://localhost:2567","service":"flyff-server","timestamp":"2026-06-21T08:06:52.165Z"}
{"level":"info","message":"Monitor: http://localhost:2567/colyseus","service":"flyff-server","timestamp":"2026-06-21T08:06:52.165Z"}
{"level":"info","message":"FlyFF server started on port 2567","service":"flyff-server","timestamp":"2026-06-21T08:14:19.379Z"}
{"level":"info","message":"WebSocket: ws://localhost:2567","service":"flyff-server","timestamp":"2026-06-21T08:14:19.380Z"}
{"level":"info","message":"Monitor: http://localhost:2567/colyseus","service":"flyff-server","timestamp":"2026-06-21T08:14:19.380Z"}
{"level":"info","message":"SIGTERM received – shutting down gracefully...","service":"flyff-server","timestamp":"2026-06-24T12:25:59.526Z"}
{"level":"info","message":"FlyFF server started on port 2567","service":"flyff-server","timestamp":"2026-06-24T12:26:01.889Z"}
{"level":"info","message":"WebSocket: ws://localhost:2567","service":"flyff-server","timestamp":"2026-06-24T12:26:01.891Z"}
{"level":"info","message":"Monitor: http://localhost:2567/colyseus","service":"flyff-server","timestamp":"2026-06-24T12:26:01.891Z"}
{"level":"info","message":"SIGTERM received – shutting down gracefully...","service":"flyff-server","timestamp":"2026-06-24T12:26:30.261Z"}
{"level":"info","message":"FlyFF server started on port 2567","service":"flyff-server","timestamp":"2026-06-24T12:26:31.131Z"}
{"level":"info","message":"WebSocket: ws://localhost:2567","service":"flyff-server","timestamp":"2026-06-24T12:26:31.134Z"}
{"level":"info","message":"Monitor: http://localhost:2567/colyseus","service":"flyff-server","timestamp":"2026-06-24T12:26:31.134Z"}
{"level":"info","message":"SIGTERM received – shutting down gracefully...","service":"flyff-server","timestamp":"2026-06-24T12:27:03.945Z"}
{"level":"info","message":"FlyFF server started on port 2567","service":"flyff-server","timestamp":"2026-06-24T12:27:13.557Z"}
{"level":"info","message":"WebSocket: ws://localhost:2567","service":"flyff-server","timestamp":"2026-06-24T12:27:13.561Z"}
{"level":"info","message":"Monitor: http://localhost:2567/colyseus","service":"flyff-server","timestamp":"2026-06-24T12:27:13.562Z"}
{"level":"info","message":"SIGTERM received – shutting down gracefully...","service":"flyff-server","timestamp":"2026-06-24T12:36:28.665Z"}
{"level":"info","message":"FlyFF server started on port 2567","service":"flyff-server","timestamp":"2026-06-24T12:36:29.657Z"}
{"level":"info","message":"WebSocket: ws://localhost:2567","service":"flyff-server","timestamp":"2026-06-24T12:36:29.659Z"}
{"level":"info","message":"Monitor: http://localhost:2567/colyseus","service":"flyff-server","timestamp":"2026-06-24T12:36:29.659Z"}
{"level":"info","message":"SIGTERM received – shutting down gracefully...","service":"flyff-server","timestamp":"2026-06-24T12:36:33.355Z"}
{"level":"info","message":"FlyFF server started on port 2567","service":"flyff-server","timestamp":"2026-06-24T12:36:34.125Z"}
{"level":"info","message":"WebSocket: ws://localhost:2567","service":"flyff-server","timestamp":"2026-06-24T12:36:34.127Z"}
{"level":"info","message":"Monitor: http://localhost:2567/colyseus","service":"flyff-server","timestamp":"2026-06-24T12:36:34.127Z"}
{"level":"info","message":"SIGTERM received – shutting down gracefully...","service":"flyff-server","timestamp":"2026-06-24T12:36:36.245Z"}
{"level":"info","message":"FlyFF server started on port 2567","service":"flyff-server","timestamp":"2026-06-24T12:36:37.103Z"}
{"level":"info","message":"WebSocket: ws://localhost:2567","service":"flyff-server","timestamp":"2026-06-24T12:36:37.107Z"}
{"level":"info","message":"Monitor: http://localhost:2567/colyseus","service":"flyff-server","timestamp":"2026-06-24T12:36:37.109Z"}
{"level":"info","message":"SIGTERM received – shutting down gracefully...","service":"flyff-server","timestamp":"2026-06-24T12:36:40.229Z"}
{"level":"info","message":"FlyFF server started on port 2567","service":"flyff-server","timestamp":"2026-06-24T12:36:41.132Z"}
{"level":"info","message":"WebSocket: ws://localhost:2567","service":"flyff-server","timestamp":"2026-06-24T12:36:41.134Z"}
{"level":"info","message":"Monitor: http://localhost:2567/colyseus","service":"flyff-server","timestamp":"2026-06-24T12:36:41.134Z"}
{"level":"info","message":"SIGTERM received – shutting down gracefully...","service":"flyff-server","timestamp":"2026-06-24T12:36:44.720Z"}
{"level":"info","message":"FlyFF server started on port 2567","service":"flyff-server","timestamp":"2026-06-24T12:36:45.411Z"}
{"level":"info","message":"WebSocket: ws://localhost:2567","service":"flyff-server","timestamp":"2026-06-24T12:36:45.413Z"}
{"level":"info","message":"Monitor: http://localhost:2567/colyseus","service":"flyff-server","timestamp":"2026-06-24T12:36:45.413Z"}
{"level":"info","message":"SIGTERM received – shutting down gracefully...","service":"flyff-server","timestamp":"2026-06-24T12:36:54.685Z"}
{"level":"info","message":"FlyFF server started on port 2567","service":"flyff-server","timestamp":"2026-06-24T12:36:55.489Z"}
{"level":"info","message":"WebSocket: ws://localhost:2567","service":"flyff-server","timestamp":"2026-06-24T12:36:55.490Z"}
{"level":"info","message":"Monitor: http://localhost:2567/colyseus","service":"flyff-server","timestamp":"2026-06-24T12:36:55.490Z"}
{"level":"info","message":"SIGTERM received – shutting down gracefully...","service":"flyff-server","timestamp":"2026-06-24T12:36:58.433Z"}
{"level":"info","message":"FlyFF server started on port 2567","service":"flyff-server","timestamp":"2026-06-24T12:36:59.229Z"}
{"level":"info","message":"WebSocket: ws://localhost:2567","service":"flyff-server","timestamp":"2026-06-24T12:36:59.230Z"}
{"level":"info","message":"Monitor: http://localhost:2567/colyseus","service":"flyff-server","timestamp":"2026-06-24T12:36:59.231Z"}
{"level":"info","message":"SIGTERM received – shutting down gracefully...","service":"flyff-server","timestamp":"2026-06-24T12:37:04.309Z"}
{"level":"info","message":"FlyFF server started on port 2567","service":"flyff-server","timestamp":"2026-06-24T12:37:05.074Z"}
{"level":"info","message":"WebSocket: ws://localhost:2567","service":"flyff-server","timestamp":"2026-06-24T12:37:05.075Z"}
{"level":"info","message":"Monitor: http://localhost:2567/colyseus","service":"flyff-server","timestamp":"2026-06-24T12:37:05.075Z"}
{"level":"info","message":"SIGTERM received – shutting down gracefully...","service":"flyff-server","timestamp":"2026-06-24T12:37:12.017Z"}
{"level":"info","message":"FlyFF server started on port 2567","service":"flyff-server","timestamp":"2026-06-24T12:37:12.892Z"}
{"level":"info","message":"WebSocket: ws://localhost:2567","service":"flyff-server","timestamp":"2026-06-24T12:37:12.893Z"}
{"level":"info","message":"Monitor: http://localhost:2567/colyseus","service":"flyff-server","timestamp":"2026-06-24T12:37:12.893Z"}
{"level":"info","message":"SIGTERM received – shutting down gracefully...","service":"flyff-server","timestamp":"2026-06-24T12:37:17.200Z"}
{"level":"info","message":"FlyFF server started on port 2567","service":"flyff-server","timestamp":"2026-06-24T12:37:18.091Z"}
{"level":"info","message":"WebSocket: ws://localhost:2567","service":"flyff-server","timestamp":"2026-06-24T12:37:18.093Z"}
{"level":"info","message":"Monitor: http://localhost:2567/colyseus","service":"flyff-server","timestamp":"2026-06-24T12:37:18.093Z"}
{"level":"info","message":"SIGTERM received – shutting down gracefully...","service":"flyff-server","timestamp":"2026-06-24T12:38:18.921Z"}
{"level":"info","message":"FlyFF server started on port 2567","service":"flyff-server","timestamp":"2026-06-24T12:38:29.196Z"}
{"level":"info","message":"WebSocket: ws://localhost:2567","service":"flyff-server","timestamp":"2026-06-24T12:38:29.202Z"}
{"level":"info","message":"Monitor: http://localhost:2567/colyseus","service":"flyff-server","timestamp":"2026-06-24T12:38:29.202Z"}
{"level":"info","message":"SIGTERM received – shutting down gracefully...","service":"flyff-server","timestamp":"2026-06-24T12:49:51.639Z"}
{"level":"info","message":"FlyFF server started on port 2567","service":"flyff-server","timestamp":"2026-06-24T12:49:52.459Z"}
{"level":"info","message":"WebSocket: ws://localhost:2567","service":"flyff-server","timestamp":"2026-06-24T12:49:52.460Z"}
{"level":"info","message":"Monitor: http://localhost:2567/colyseus","service":"flyff-server","timestamp":"2026-06-24T12:49:52.460Z"}
{"level":"info","message":"SIGTERM received – shutting down gracefully...","service":"flyff-server","timestamp":"2026-06-24T12:50:04.474Z"}
{"level":"info","message":"FlyFF server started on port 2567","service":"flyff-server","timestamp":"2026-06-24T12:50:05.226Z"}
{"level":"info","message":"WebSocket: ws://localhost:2567","service":"flyff-server","timestamp":"2026-06-24T12:50:05.228Z"}
{"level":"info","message":"Monitor: http://localhost:2567/colyseus","service":"flyff-server","timestamp":"2026-06-24T12:50:05.228Z"}
{"level":"info","message":"SIGTERM received – shutting down gracefully...","service":"flyff-server","timestamp":"2026-06-24T12:50:22.886Z"}
{"level":"info","message":"FlyFF server started on port 2567","service":"flyff-server","timestamp":"2026-06-24T12:50:28.807Z"}
{"level":"info","message":"WebSocket: ws://localhost:2567","service":"flyff-server","timestamp":"2026-06-24T12:50:28.809Z"}
{"level":"info","message":"Monitor: http://localhost:2567/colyseus","service":"flyff-server","timestamp":"2026-06-24T12:50:28.826Z"}
{"level":"info","message":"SIGTERM received – shutting down gracefully...","service":"flyff-server","timestamp":"2026-06-24T12:57:27.875Z"}
{"level":"info","message":"FlyFF server started on port 2567","service":"flyff-server","timestamp":"2026-06-24T12:57:29.105Z"}
{"level":"info","message":"WebSocket: ws://localhost:2567","service":"flyff-server","timestamp":"2026-06-24T12:57:29.117Z"}
{"level":"info","message":"Monitor: http://localhost:2567/colyseus","service":"flyff-server","timestamp":"2026-06-24T12:57:29.118Z"}
{"level":"error","message":"Server error: listen EADDRINUSE: address already in use :::2567","service":"flyff-server","stack":"Error: listen EADDRINUSE: address already in use :::2567\n    at Server.setupListenHandle [as _listen2] (node:net:1897:16)\n    at listenInCluster (node:net:1945:12)\n    at Server.listen (node:net:2037:7)\n    at <anonymous> (/project/workspace/MMORPG/Build/server/src/index.ts:85:8)\n    at ModuleJob.run (node:internal/modules/esm/module_job:222:25)\n    at async ModuleLoader.import (node:internal/modules/esm/loader:323:24)\n    at async loadESM (node:internal/process/esm_loader:28:7)\n    at async handleMainPromise (node:internal/modules/run_main:113:12)","timestamp":"2026-06-24T12:57:29.158Z"}
{"level":"info","message":"SIGTERM received – shutting down gracefully...","service":"flyff-server","timestamp":"2026-06-24T12:57:52.257Z"}
{"level":"info","message":"FlyFF server started on port 2567","service":"flyff-server","timestamp":"2026-06-24T12:57:57.096Z"}
{"level":"info","message":"WebSocket: ws://localhost:2567","service":"flyff-server","timestamp":"2026-06-24T12:57:57.098Z"}
{"level":"info","message":"Monitor: http://localhost:2567/colyseus","service":"flyff-server","timestamp":"2026-06-24T12:57:57.098Z"}
{"level":"info","message":"SIGTERM received – shutting down gracefully...","service":"flyff-server","timestamp":"2026-06-24T13:08:55.919Z"}
{"level":"info","message":"FlyFF server started on port 2567","service":"flyff-server","timestamp":"2026-06-24T13:08:57.646Z"}
{"level":"info","message":"WebSocket: ws://localhost:2567","service":"flyff-server","timestamp":"2026-06-24T13:08:57.648Z"}
{"level":"info","message":"Monitor: http://localhost:2567/colyseus","service":"flyff-server","timestamp":"2026-06-24T13:08:57.649Z"}
{"level":"error","message":"Server error: listen EADDRINUSE: address already in use :::2567","service":"flyff-server","stack":"Error: listen EADDRINUSE: address already in use :::2567\n    at Server.setupListenHandle [as _listen2] (node:net:1897:16)\n    at listenInCluster (node:net:1945:12)\n    at Server.listen (node:net:2037:7)\n    at <anonymous> (/project/workspace/MMORPG/Build/server/src/index.ts:85:8)\n    at ModuleJob.run (node:internal/modules/esm/module_job:222:25)\n    at async ModuleLoader.import (node:internal/modules/esm/loader:323:24)\n    at async loadESM (node:internal/process/esm_loader:28:7)\n    at async handleMainPromise (node:internal/modules/run_main:113:12)","timestamp":"2026-06-24T13:08:57.668Z"}
{"level":"error","message":"Server error: listen EADDRINUSE: address already in use :::2567","service":"flyff-server","stack":"Error: listen EADDRINUSE: address already in use :::2567\n    at Server.setupListenHandle [as _listen2] (node:net:1897:16)\n    at listenInCluster (node:net:1945:12)\n    at Server.listen (node:net:2037:7)\n    at <anonymous> (/project/workspace/MMORPG/Build/server/src/index.ts:85:8)\n    at ModuleJob.run (node:internal/modules/esm/module_job:222:25)\n    at async ModuleLoader.import (node:internal/modules/esm/loader:323:24)\n    at async loadESM (node:internal/process/esm_loader:28:7)\n    at async handleMainPromise (node:internal/modules/run_main:113:12)","timestamp":"2026-06-24T13:08:57.697Z"}
{"level":"info","message":"SIGTERM received – shutting down gracefully...","service":"flyff-server","timestamp":"2026-06-24T13:09:02.549Z"}
{"level":"info","message":"FlyFF server started on port 2567","service":"flyff-server","timestamp":"2026-06-24T13:09:04.122Z"}
{"level":"info","message":"WebSocket: ws://localhost:2567","service":"flyff-server","timestamp":"2026-06-24T13:09:04.124Z"}
{"level":"info","message":"Monitor: http://localhost:2567/colyseus","service":"flyff-server","timestamp":"2026-06-24T13:09:04.124Z"}
{"level":"error","message":"Server error: listen EADDRINUSE: address already in use :::2567","service":"flyff-server","stack":"Error: listen EADDRINUSE: address already in use :::2567\n    at Server.setupListenHandle [as _listen2] (node:net:1897:16)\n    at listenInCluster (node:net:1945:12)\n    at Server.listen (node:net:2037:7)\n    at <anonymous> (/project/workspace/MMORPG/Build/server/src/index.ts:85:8)\n    at ModuleJob.run (node:internal/modules/esm/module_job:222:25)\n    at async ModuleLoader.import (node:internal/modules/esm/loader:323:24)\n    at async loadESM (node:internal/process/esm_loader:28:7)\n    at async handleMainPromise (node:internal/modules/run_main:113:12)","timestamp":"2026-06-24T13:09:04.292Z"}
{"level":"error","message":"Server error: listen EADDRINUSE: address already in use :::2567","service":"flyff-server","stack":"Error: listen EADDRINUSE: address already in use :::2567\n    at Server.setupListenHandle [as _listen2] (node:net:1897:16)\n    at listenInCluster (node:net:1945:12)\n    at Server.listen (node:net:2037:7)\n    at <anonymous> (/project/workspace/MMORPG/Build/server/src/index.ts:85:8)\n    at ModuleJob.run (node:internal/modules/esm/module_job:222:25)\n    at async ModuleLoader.import (node:internal/modules/esm/loader:323:24)\n    at async loadESM (node:internal/process/esm_loader:28:7)\n    at async handleMainPromise (node:internal/modules/run_main:113:12)","timestamp":"2026-06-24T13:09:04.326Z"}
{"level":"info","message":"SIGTERM received – shutting down gracefully...","service":"flyff-server","timestamp":"2026-06-24T13:09:06.830Z"}
{"level":"info","message":"FlyFF server started on port 2567","service":"flyff-server","timestamp":"2026-06-24T13:09:08.278Z"}
{"level":"info","message":"WebSocket: ws://localhost:2567","service":"flyff-server","timestamp":"2026-06-24T13:09:08.282Z"}
{"level":"info","message":"Monitor: http://localhost:2567/colyseus","service":"flyff-server","timestamp":"2026-06-24T13:09:08.282Z"}
{"level":"error","message":"Server error: listen EADDRINUSE: address already in use :::2567","service":"flyff-server","stack":"Error: listen EADDRINUSE: address already in use :::2567\n    at Server.setupListenHandle [as _listen2] (node:net:1897:16)\n    at listenInCluster (node:net:1945:12)\n    at Server.listen (node:net:2037:7)\n    at <anonymous> (/project/workspace/MMORPG/Build/server/src/index.ts:85:8)\n    at ModuleJob.run (node:internal/modules/esm/module_job:222:25)\n    at async ModuleLoader.import (node:internal/modules/esm/loader:323:24)\n    at async loadESM (node:internal/process/esm_loader:28:7)\n    at async handleMainPromise (node:internal/modules/run_main:113:12)","timestamp":"2026-06-24T13:09:08.402Z"}
{"level":"error","message":"Server error: listen EADDRINUSE: address already in use :::2567","service":"flyff-server","stack":"Error: listen EADDRINUSE: address already in use :::2567\n    at Server.setupListenHandle [as _listen2] (node:net:1897:16)\n    at listenInCluster (node:net:1945:12)\n    at Server.listen (node:net:2037:7)\n    at <anonymous> (/project/workspace/MMORPG/Build/server/src/index.ts:85:8)\n    at ModuleJob.run (node:internal/modules/esm/module_job:222:25)\n    at async ModuleLoader.import (node:internal/modules/esm/loader:323:24)\n    at async loadESM (node:internal/process/esm_loader:28:7)\n    at async handleMainPromise (node:internal/modules/run_main:113:12)","timestamp":"2026-06-24T13:09:08.475Z"}
{"level":"info","message":"SIGTERM received – shutting down gracefully...","service":"flyff-server","timestamp":"2026-06-24T13:09:45.714Z"}
{"level":"info","message":"FlyFF server started on port 2567","service":"flyff-server","timestamp":"2026-06-24T13:09:50.657Z"}
{"level":"info","message":"WebSocket: ws://localhost:2567","service":"flyff-server","timestamp":"2026-06-24T13:09:50.660Z"}
{"level":"info","message":"Monitor: http://localhost:2567/colyseus","service":"flyff-server","timestamp":"2026-06-24T13:09:50.660Z"}
{"level":"info","message":"SIGTERM received – shutting down gracefully...","service":"flyff-server","timestamp":"2026-06-24T13:09:54.234Z"}
{"level":"info","message":"FlyFF server started on port 2567","service":"flyff-server","timestamp":"2026-06-24T13:10:22.047Z"}
{"level":"info","message":"WebSocket: ws://localhost:2567","service":"flyff-server","timestamp":"2026-06-24T13:10:22.049Z"}
{"level":"info","message":"Monitor: http://localhost:2567/colyseus","service":"flyff-server","timestamp":"2026-06-24T13:10:22.049Z"}
{"level":"info","message":"SIGTERM received – shutting down gracefully...","service":"flyff-server","timestamp":"2026-06-24T13:10:25.696Z"}
{"level":"info","message":"FlyFF server started on port 2567","service":"flyff-server","timestamp":"2026-06-24T13:10:45.710Z"}
{"level":"info","message":"WebSocket: ws://localhost:2567","service":"flyff-server","timestamp":"2026-06-24T13:10:45.712Z"}
{"level":"info","message":"Monitor: http://localhost:2567/colyseus","service":"flyff-server","timestamp":"2026-06-24T13:10:45.712Z"}
{"level":"info","message":"SIGTERM received – shutting down gracefully...","service":"flyff-server","timestamp":"2026-06-24T13:10:49.771Z"}
{"level":"info","message":"FlyFF server started on port 2567","service":"flyff-server","timestamp":"2026-06-24T13:11:19.865Z"}
{"level":"info","message":"WebSocket: ws://localhost:2567","service":"flyff-server","timestamp":"2026-06-24T13:11:19.867Z"}
{"level":"info","message":"Monitor: http://localhost:2567/colyseus","service":"flyff-server","timestamp":"2026-06-24T13:11:19.867Z"}
{"level":"info","message":"SIGTERM received – shutting down gracefully...","service":"flyff-server","timestamp":"2026-06-24T13:11:23.882Z"}
{"level":"info","message":"FlyFF server started on port 2567","service":"flyff-server","timestamp":"2026-06-24T13:13:15.603Z"}
{"level":"info","message":"WebSocket: ws://localhost:2567","service":"flyff-server","timestamp":"2026-06-24T13:13:15.605Z"}
{"level":"info","message":"Monitor: http://localhost:2567/colyseus","service":"flyff-server","timestamp":"2026-06-24T13:13:15.605Z"}
{"level":"info","message":"SIGTERM received – shutting down gracefully...","service":"flyff-server","timestamp":"2026-06-24T13:13:19.683Z"}
{"level":"info","message":"FlyFF server started on port 2567","service":"flyff-server","timestamp":"2026-06-24T13:13:43.809Z"}
{"level":"info","message":"WebSocket: ws://localhost:2567","service":"flyff-server","timestamp":"2026-06-24T13:13:43.810Z"}
{"level":"info","message":"Monitor: http://localhost:2567/colyseus","service":"flyff-server","timestamp":"2026-06-24T13:13:43.811Z"}
{"level":"info","message":"SIGTERM received – shutting down gracefully...","service":"flyff-server","timestamp":"2026-06-24T13:13:50.591Z"}
{"level":"info","message":"FlyFF server started on port 2567","service":"flyff-server","timestamp":"2026-06-24T13:14:04.239Z"}
{"level":"info","message":"WebSocket: ws://localhost:2567","service":"flyff-server","timestamp":"2026-06-24T13:14:04.241Z"}
{"level":"info","message":"Monitor: http://localhost:2567/colyseus","service":"flyff-server","timestamp":"2026-06-24T13:14:04.241Z"}
{"level":"error","message":"Server error: listen EADDRINUSE: address already in use :::2567","service":"flyff-server","stack":"Error: listen EADDRINUSE: address already in use :::2567\n    at Server.setupListenHandle [as _listen2] (node:net:1897:16)\n    at listenInCluster (node:net:1945:12)\n    at Server.listen (node:net:2037:7)\n    at <anonymous> (/project/workspace/MMORPG/Build/server/src/index.ts:85:8)\n    at ModuleJob.run (node:internal/modules/esm/module_job:222:25)\n    at async ModuleLoader.import (node:internal/modules/esm/loader:323:24)\n    at async loadESM (node:internal/process/esm_loader:28:7)\n    at async handleMainPromise (node:internal/modules/run_main:113:12)","timestamp":"2026-06-24T13:22:26.999Z"}
{"level":"info","message":"FlyFF server started on port 2567","service":"flyff-server","timestamp":"2026-06-24T13:22:53.417Z"}
{"level":"info","message":"WebSocket: ws://localhost:2567","service":"flyff-server","timestamp":"2026-06-24T13:22:53.419Z"}
{"level":"info","message":"Monitor: http://localhost:2567/colyseus","service":"flyff-server","timestamp":"2026-06-24T13:22:53.419Z"}
{"level":"info","message":"SIGTERM received – shutting down gracefully...","service":"flyff-server","timestamp":"2026-06-24T13:23:10.172Z"}
{"level":"info","message":"FlyFF server started on port 2567","service":"flyff-server","timestamp":"2026-06-24T13:26:10.979Z"}
{"level":"info","message":"WebSocket: ws://localhost:2567","service":"flyff-server","timestamp":"2026-06-24T13:26:10.981Z"}
{"level":"info","message":"Monitor: http://localhost:2567/colyseus","service":"flyff-server","timestamp":"2026-06-24T13:26:10.981Z"}
{"level":"info","message":"FlyFF server started on port 2567","service":"flyff-server","timestamp":"2026-06-24T13:38:42.634Z"}
{"level":"info","message":"WebSocket: ws://localhost:2567","service":"flyff-server","timestamp":"2026-06-24T13:38:42.636Z"}
{"level":"info","message":"Monitor: http://localhost:2567/colyseus","service":"flyff-server","timestamp":"2026-06-24T13:38:42.636Z"}
{"level":"info","message":"FlyFF server started on port 2567","service":"flyff-server","timestamp":"2026-06-24T13:43:02.519Z"}
{"level":"info","message":"WebSocket: ws://localhost:2567","service":"flyff-server","timestamp":"2026-06-24T13:43:02.520Z"}
{"level":"info","message":"Monitor: http://localhost:2567/colyseus","service":"flyff-server","timestamp":"2026-06-24T13:43:02.520Z"}
{"level":"info","message":"FlyFF server started on port 2567","service":"flyff-server","timestamp":"2026-06-24T13:50:47.566Z"}
{"level":"info","message":"WebSocket: ws://localhost:2567","service":"flyff-server","timestamp":"2026-06-24T13:50:47.568Z"}
{"level":"info","message":"Monitor: http://localhost:2567/colyseus","service":"flyff-server","timestamp":"2026-06-24T13:50:47.568Z"}
{"level":"info","message":"FlyFF server started on port 2567","service":"flyff-server","timestamp":"2026-06-24T14:00:02.417Z"}
{"level":"info","message":"WebSocket: ws://localhost:2567","service":"flyff-server","timestamp":"2026-06-24T14:00:02.419Z"}
{"level":"info","message":"Monitor: http://localhost:2567/colyseus","service":"flyff-server","timestamp":"2026-06-24T14:00:02.419Z"}
{"level":"info","message":"FlyFF server started on port 2567","service":"flyff-server","timestamp":"2026-06-24T14:14:14.261Z"}
{"level":"info","message":"WebSocket: ws://localhost:2567","service":"flyff-server","timestamp":"2026-06-24T14:14:14.263Z"}
{"level":"info","message":"Monitor: http://localhost:2567/colyseus","service":"flyff-server","timestamp":"2026-06-24T14:14:14.263Z"}
{"level":"info","message":"FlyFF server started on port 2567","service":"flyff-server","timestamp":"2026-06-24T14:27:30.155Z"}
{"level":"info","message":"WebSocket: ws://localhost:2567","service":"flyff-server","timestamp":"2026-06-24T14:27:30.157Z"}
{"level":"info","message":"Monitor: http://localhost:2567/colyseus","service":"flyff-server","timestamp":"2026-06-24T14:27:30.157Z"}
{"level":"info","message":"FlyFF server started on port 2567","service":"flyff-server","timestamp":"2026-06-24T14:38:21.639Z"}
{"level":"info","message":"WebSocket: ws://localhost:2567","service":"flyff-server","timestamp":"2026-06-24T14:38:21.640Z"}
{"level":"info","message":"Monitor: http://localhost:2567/colyseus","service":"flyff-server","timestamp":"2026-06-24T14:38:21.641Z"}
{"level":"info","message":"FlyFF server started on port 2567","service":"flyff-server","timestamp":"2026-06-24T14:47:45.816Z"}
{"level":"info","message":"WebSocket: ws://localhost:2567","service":"flyff-server","timestamp":"2026-06-24T14:47:45.817Z"}
{"level":"info","message":"Monitor: http://localhost:2567/colyseus","service":"flyff-server","timestamp":"2026-06-24T14:47:45.818Z"}
{"level":"info","message":"FlyFF server started on port 2567","service":"flyff-server","timestamp":"2026-06-27T07:05:18.620Z"}
{"level":"info","message":"WebSocket: ws://localhost:2567","service":"flyff-server","timestamp":"2026-06-27T07:05:18.622Z"}
{"level":"info","message":"Monitor: http://localhost:2567/colyseus","service":"flyff-server","timestamp":"2026-06-27T07:05:18.622Z"}
{"level":"info","message":"FlyFF server started on port 2567","service":"flyff-server","timestamp":"2026-06-27T07:08:33.563Z"}
{"level":"info","message":"WebSocket: ws://localhost:2567","service":"flyff-server","timestamp":"2026-06-27T07:08:33.564Z"}
{"level":"info","message":"Monitor: http://localhost:2567/colyseus","service":"flyff-server","timestamp":"2026-06-27T07:08:33.565Z"}
{"level":"info","message":"FlyFF server started on port 2567","service":"flyff-server","timestamp":"2026-06-27T07:10:55.878Z"}
{"level":"info","message":"WebSocket: ws://localhost:2567","service":"flyff-server","timestamp":"2026-06-27T07:10:55.880Z"}
{"level":"info","message":"Monitor: http://localhost:2567/colyseus","service":"flyff-server","timestamp":"2026-06-27T07:10:55.880Z"}
{"level":"info","message":"FlyFF server started on port 2567","service":"flyff-server","timestamp":"2026-06-27T07:13:38.639Z"}
{"level":"info","message":"WebSocket: ws://localhost:2567","service":"flyff-server","timestamp":"2026-06-27T07:13:38.640Z"}
{"level":"info","message":"Monitor: http://localhost:2567/colyseus","service":"flyff-server","timestamp":"2026-06-27T07:13:38.641Z"}
{"level":"info","message":"FlyFF server started on port 2567","service":"flyff-server","timestamp":"2026-06-27T07:15:40.319Z"}
{"level":"info","message":"WebSocket: ws://localhost:2567","service":"flyff-server","timestamp":"2026-06-27T07:15:40.320Z"}
{"level":"info","message":"Monitor: http://localhost:2567/colyseus","service":"flyff-server","timestamp":"2026-06-27T07:15:40.320Z"}
{"level":"info","message":"FlyFF server started on port 2567","service":"flyff-server","timestamp":"2026-06-27T07:18:18.667Z"}
{"level":"info","message":"WebSocket: ws://localhost:2567","service":"flyff-server","timestamp":"2026-06-27T07:18:18.668Z"}
{"level":"info","message":"Monitor: http://localhost:2567/colyseus","service":"flyff-server","timestamp":"2026-06-27T07:18:18.669Z"}
{"level":"error","message":"Server error: listen EADDRINUSE: address already in use :::2567","service":"flyff-server","stack":"Error: listen EADDRINUSE: address already in use :::2567\n    at Server.setupListenHandle [as _listen2] (node:net:1897:16)\n    at listenInCluster (node:net:1945:12)\n    at Server.listen (node:net:2037:7)\n    at file:///project/workspace/MMORPG/Build/server/dist/index.js:74:8\n    at ModuleJob.run (node:internal/modules/esm/module_job:222:25)\n    at async ModuleLoader.import (node:internal/modules/esm/loader:323:24)\n    at async loadESM (node:internal/process/esm_loader:28:7)\n    at async handleMainPromise (node:internal/modules/run_main:113:12)","timestamp":"2026-06-27T08:57:28.475Z"}
{"level":"error","message":"Server error: listen EADDRINUSE: address already in use :::2567","service":"flyff-server","stack":"Error: listen EADDRINUSE: address already in use :::2567\n    at Server.setupListenHandle [as _listen2] (node:net:1897:16)\n    at listenInCluster (node:net:1945:12)\n    at Server.listen (node:net:2037:7)\n    at <anonymous> (/project/workspace/MMORPG/Build/server/src/index.ts:85:8)\n    at ModuleJob.run (node:internal/modules/esm/module_job:222:25)\n    at async ModuleLoader.import (node:internal/modules/esm/loader:323:24)\n    at async loadESM (node:internal/process/esm_loader:28:7)\n    at async handleMainPromise (node:internal/modules/run_main:113:12)","timestamp":"2026-06-27T09:06:02.823Z"}
{"level":"info","message":"SIGTERM received – shutting down gracefully...","service":"flyff-server","timestamp":"2026-06-27T09:13:00.543Z"}
{"level":"info","message":"FlyFF server started on port 2567","service":"flyff-server","timestamp":"2026-06-27T09:13:08.516Z"}
{"level":"info","message":"WebSocket: ws://localhost:2567","service":"flyff-server","timestamp":"2026-06-27T09:13:08.518Z"}
{"level":"info","message":"Monitor: http://localhost:2567/colyseus","service":"flyff-server","timestamp":"2026-06-27T09:13:08.518Z"}
{"level":"info","message":"SIGTERM received – shutting down gracefully...","service":"flyff-server","timestamp":"2026-06-27T09:13:18.027Z"}
{"level":"info","message":"FlyFF server started on port 2567","service":"flyff-server","timestamp":"2026-06-27T09:14:09.498Z"}
{"level":"info","message":"WebSocket: ws://localhost:2567","service":"flyff-server","timestamp":"2026-06-27T09:14:09.499Z"}
{"level":"info","message":"Monitor: http://localhost:2567/colyseus","service":"flyff-server","timestamp":"2026-06-27T09:14:09.500Z"}
{"level":"info","message":"SIGTERM received – shutting down gracefully...","service":"flyff-server","timestamp":"2026-06-27T09:16:08.997Z"}
{"level":"info","message":"FlyFF server started on port 2567","service":"flyff-server","timestamp":"2026-06-27T09:16:17.670Z"}
{"level":"info","message":"WebSocket: ws://localhost:2567","service":"flyff-server","timestamp":"2026-06-27T09:16:17.672Z"}
{"level":"info","message":"Monitor: http://localhost:2567/colyseus","service":"flyff-server","timestamp":"2026-06-27T09:16:17.672Z"}
{"level":"info","message":"SIGTERM received – shutting down gracefully...","service":"flyff-server","timestamp":"2026-06-28T04:23:32.608Z"}
{"level":"info","message":"FlyFF server started on port 2567","service":"flyff-server","timestamp":"2026-06-28T04:23:41.208Z"}
{"level":"info","message":"WebSocket: ws://localhost:2567","service":"flyff-server","timestamp":"2026-06-28T04:23:41.210Z"}
{"level":"info","message":"Monitor: http://localhost:2567/colyseus","service":"flyff-server","timestamp":"2026-06-28T04:23:41.210Z"}
{"level":"info","message":"SIGTERM received – shutting down gracefully...","service":"flyff-server","timestamp":"2026-06-28T04:27:35.677Z"}
{"level":"info","message":"FlyFF server started on port 2567","service":"flyff-server","timestamp":"2026-06-28T04:27:37.241Z"}
{"level":"info","message":"WebSocket: ws://localhost:2567","service":"flyff-server","timestamp":"2026-06-28T04:27:37.242Z"}
{"level":"info","message":"Monitor: http://localhost:2567/colyseus","service":"flyff-server","timestamp":"2026-06-28T04:27:37.242Z"}
{"level":"info","message":"SIGTERM received – shutting down gracefully...","service":"flyff-server","timestamp":"2026-06-28T04:38:05.291Z"}
{"level":"info","message":"FlyFF server started on port 2567","service":"flyff-server","timestamp":"2026-06-28T04:38:06.874Z"}
{"level":"info","message":"WebSocket: ws://localhost:2567","service":"flyff-server","timestamp":"2026-06-28T04:38:06.876Z"}
{"level":"info","message":"Monitor: http://localhost:2567/colyseus","service":"flyff-server","timestamp":"2026-06-28T04:38:06.876Z"}
{"level":"info","message":"SIGTERM received – shutting down gracefully...","service":"flyff-server","timestamp":"2026-06-28T05:15:28.122Z"}
{"level":"info","message":"FlyFF server started on port 2567","service":"flyff-server","timestamp":"2026-06-28T05:15:33.538Z"}
{"level":"info","message":"WebSocket: ws://localhost:2567","service":"flyff-server","timestamp":"2026-06-28T05:15:33.539Z"}
{"level":"info","message":"Monitor: http://localhost:2567/colyseus","service":"flyff-server","timestamp":"2026-06-28T05:15:33.540Z"}
{"level":"info","message":"SIGTERM received – shutting down gracefully...","service":"flyff-server","timestamp":"2026-06-28T05:15:42.324Z"}
{"level":"info","message":"FlyFF server started on port 2567","service":"flyff-server","timestamp":"2026-06-28T05:15:56.705Z"}
{"level":"info","message":"WebSocket: ws://localhost:2567","service":"flyff-server","timestamp":"2026-06-28T05:15:56.707Z"}
{"level":"info","message":"Monitor: http://localhost:2567/colyseus","service":"flyff-server","timestamp":"2026-06-28T05:15:56.707Z"}
{"level":"info","message":"SIGTERM received – shutting down gracefully...","service":"flyff-server","timestamp":"2026-06-28T05:16:05.942Z"}
{"level":"info","message":"FlyFF server started on port 2567","service":"flyff-server","timestamp":"2026-06-28T05:16:30.450Z"}
{"level":"info","message":"WebSocket: ws://localhost:2567","service":"flyff-server","timestamp":"2026-06-28T05:16:30.452Z"}
{"level":"info","message":"Monitor: http://localhost:2567/colyseus","service":"flyff-server","timestamp":"2026-06-28T05:16:30.452Z"}
{"level":"info","message":"SIGTERM received – shutting down gracefully...","service":"flyff-server","timestamp":"2026-06-28T05:16:39.222Z"}
{"level":"info","message":"FlyFF server started on port 2567","service":"flyff-server","timestamp":"2026-06-28T05:17:03.087Z"}
{"level":"info","message":"WebSocket: ws://localhost:2567","service":"flyff-server","timestamp":"2026-06-28T05:17:03.089Z"}
{"level":"info","message":"Monitor: http://localhost:2567/colyseus","service":"flyff-server","timestamp":"2026-06-28T05:17:03.089Z"}
{"level":"info","message":"SIGTERM received – shutting down gracefully...","service":"flyff-server","timestamp":"2026-06-28T05:17:12.901Z"}
{"level":"info","message":"FlyFF server started on port 2567","service":"flyff-server","timestamp":"2026-06-28T05:17:20.973Z"}
{"level":"info","message":"WebSocket: ws://localhost:2567","service":"flyff-server","timestamp":"2026-06-28T05:17:20.975Z"}
{"level":"info","message":"Monitor: http://localhost:2567/colyseus","service":"flyff-server","timestamp":"2026-06-28T05:17:20.975Z"}
{"level":"info","message":"SIGTERM received – shutting down gracefully...","service":"flyff-server","timestamp":"2026-06-28T05:21:48.154Z"}
{"level":"info","message":"FlyFF server started on port 2567","service":"flyff-server","timestamp":"2026-06-28T05:21:50.432Z"}
{"level":"info","message":"WebSocket: ws://localhost:2567","service":"flyff-server","timestamp":"2026-06-28T05:21:50.433Z"}
{"level":"info","message":"Monitor: http://localhost:2567/colyseus","service":"flyff-server","timestamp":"2026-06-28T05:21:50.433Z"}
{"level":"info","message":"SIGTERM received – shutting down gracefully...","service":"flyff-server","timestamp":"2026-06-28T05:37:23.628Z"}
{"level":"info","message":"FlyFF server started on port 2567","service":"flyff-server","timestamp":"2026-06-28T05:37:25.893Z"}
{"level":"info","message":"WebSocket: ws://localhost:2567","service":"flyff-server","timestamp":"2026-06-28T05:37:25.895Z"}
{"level":"info","message":"Monitor: http://localhost:2567/colyseus","service":"flyff-server","timestamp":"2026-06-28T05:37:25.895Z"}
{"level":"info","message":"SIGTERM received – shutting down gracefully...","service":"flyff-server","timestamp":"2026-06-28T05:39:23.732Z"}
{"level":"info","message":"FlyFF server started on port 2567","service":"flyff-server","timestamp":"2026-06-28T05:39:27.736Z"}
{"level":"info","message":"WebSocket: ws://localhost:2567","service":"flyff-server","timestamp":"2026-06-28T05:39:27.737Z"}
{"level":"info","message":"Monitor: http://localhost:2567/colyseus","service":"flyff-server","timestamp":"2026-06-28T05:39:27.738Z"}
{"level":"info","message":"SIGTERM received – shutting down gracefully...","service":"flyff-server","timestamp":"2026-06-28T05:41:26.533Z"}
{"level":"info","message":"FlyFF server started on port 2567","service":"flyff-server","timestamp":"2026-06-28T05:41:38.951Z"}
{"level":"info","message":"WebSocket: ws://localhost:2567","service":"flyff-server","timestamp":"2026-06-28T05:41:38.952Z"}
{"level":"info","message":"Monitor: http://localhost:2567/colyseus","service":"flyff-server","timestamp":"2026-06-28T05:41:38.952Z"}
{"level":"info","message":"SIGTERM received – shutting down gracefully...","service":"flyff-server","timestamp":"2026-06-28T05:41:48.769Z"}
